0 info it worked if it ends with ok
1 verbose cli [ '/usr/local/Cellar/node/6.1.0/bin/node',
1 verbose cli   '/usr/local/bin/npm',
1 verbose cli   'start' ]
2 info using npm@3.8.9
3 info using node@v6.1.0
4 verbose run-script [ 'prestart', 'start', 'poststart' ]
5 info lifecycle node_weather2@1.0.0~prestart: node_weather2@1.0.0
6 verbose lifecycle node_weather2@1.0.0~prestart: unsafe-perm in lifecycle true
7 verbose lifecycle node_weather2@1.0.0~prestart: PATH: /usr/local/lib/node_modules/npm/bin/node-gyp-bin:/Applications/MAMP/htdocs/node_weather2/node_modules/.bin:/usr/local/Cellar/node/6.1.0/bin:/usr/local/bin:/usr/bin:/bin:/usr/sbin:/sbin:/opt/X11/bin
8 verbose lifecycle node_weather2@1.0.0~prestart: CWD: /Applications/MAMP/htdocs/node_weather2
9 silly lifecycle node_weather2@1.0.0~prestart: Args: [ '-c', 'node public/scripts/setup.js' ]
10 silly lifecycle node_weather2@1.0.0~prestart: Returned: code: 1  signal: null
11 info lifecycle node_weather2@1.0.0~prestart: Failed to exec prestart script
12 verbose stack Error: node_weather2@1.0.0 prestart: `node public/scripts/setup.js`
12 verbose stack Exit status 1
12 verbose stack     at EventEmitter.<anonymous> (/usr/local/lib/node_modules/npm/lib/utils/lifecycle.js:245:16)
12 verbose stack     at emitTwo (events.js:106:13)
12 verbose stack     at EventEmitter.emit (events.js:191:7)
12 verbose stack     at ChildProcess.<anonymous> (/usr/local/lib/node_modules/npm/lib/utils/spawn.js:24:14)
12 verbose stack     at emitTwo (events.js:106:13)
12 verbose stack     at ChildProcess.emit (events.js:191:7)
12 verbose stack     at maybeClose (internal/child_process.js:850:16)
12 verbose stack     at Process.ChildProcess._handle.onexit (internal/child_process.js:215:5)
13 verbose pkgid node_weather2@1.0.0
14 verbose cwd /Applications/MAMP/htdocs/node_weather2
15 error Darwin 15.0.0
16 error argv "/usr/local/Cellar/node/6.1.0/bin/node" "/usr/local/bin/npm" "start"
17 error node v6.1.0
18 error npm  v3.8.9
19 error code ELIFECYCLE
20 error node_weather2@1.0.0 prestart: `node public/scripts/setup.js`
20 error Exit status 1
21 error Failed at the node_weather2@1.0.0 prestart script 'node public/scripts/setup.js'.
21 error Make sure you have the latest version of node.js and npm installed.
21 error If you do, this is most likely a problem with the node_weather2 package,
21 error not with npm itself.
21 error Tell the author that this fails on your system:
21 error     node public/scripts/setup.js
21 error You can get information on how to open an issue for this project with:
21 error     npm bugs node_weather2
21 error Or if that isn't available, you can get their info via:
21 error     npm owner ls node_weather2
21 error There is likely additional logging output above.
22 verbose exit [ 1, true ]
